<?xml version="1.0" encoding="UTF-8"?>
<!-- Generated by org.testng.reporters.JUnitReportReporter -->
<testsuite skipped="0" hostname="MH-PC" name="tests_demoOpenCart.Test_Registration" tests="1" failures="0" timestamp="23 May 2019 14:23:24 GMT" time="3.179" errors="0">
  <testcase name="registration_Poisitive" time="3.179" classname="tests_demoOpenCart.Test_Registration"/>
</testsuite> <!-- tests_demoOpenCart.Test_Registration -->
